<?xml version="1.0" encoding="UTF-8"?>
<!-- Generated by org.testng.reporters.JUnitXMLReporter -->
<testsuite ignored="1" hostname="Sanket-PC" failures="1" tests="6" name="Test1" time="18.648" errors="0" timestamp="28 Feb 2024 08:57:32 GMT">
  <testcase classname="AxisBank.testNG.Test1" name="configLogin" time="0.792"/>
  <testcase classname="AxisBank.testNG.Test1" name="configLogin1" time="0.031"/>
  <testcase classname="AxisBank.testNG.Test2" name="testcase1" time="0.001"/>
  <testcase classname="AxisBank.testNG.softassert_eg" name="testassert" time="5.16"/>
  <testcase classname="AxisBank.testNG.HardAssert" name="testHardAssert" time="6.578">
    <failure type="java.lang.AssertionError" message="Title mismatch! expected [OrangeHRM] but found [Orange]">
      <![CDATA[java.lang.AssertionError: Title mismatch! expected [OrangeHRM] but found [Orange]
	at AxisBank.testNG.HardAssert.testHardAssert(HardAssert.java:23)
... Removed 28 stack frames]]>
    </failure>
  </testcase> <!-- testHardAssert -->
  <testcase classname="AxisBank.testNG.Test2" name="testcaseMain" time="1.983"/>
  <testcase classname="AxisBank.testNG.Test2" name="testcase2" time="0.0">
    <ignored/>
  </testcase> <!-- testcase2 -->
</testsuite> <!-- Test1 -->
