<?xml version="1.0" encoding="UTF-8"?>
<!-- Generated by org.testng.reporters.JUnitXMLReporter -->
<testsuite ignored="1" hostname="Sanket-PC" failures="1" tests="6" name="Test1" time="30.83" errors="0" timestamp="2024-02-28T14:30:21 IST">
  <testcase classname="AxisBank.testNG.Test1" name="configLogin" time="0.848"/>
  <testcase classname="AxisBank.testNG.Test1" name="configLogin1" time="0.031"/>
  <testcase classname="AxisBank.testNG.Test2" name="testcase1" time="0.0"/>
  <testcase classname="AxisBank.testNG.Test2" name="testcaseMain" time="2.571"/>
  <testcase classname="AxisBank.testNG.softassert_eg" name="testassert" time="10.839"/>
  <testcase classname="AxisBank.testNG.HardAssert" name="testHardAssert" time="14.474">
    <failure type="java.lang.AssertionError" message="Title mismatch! expected [OrangeHRM] but found [Orange]">
      <![CDATA[java.lang.AssertionError: Title mismatch! expected [OrangeHRM] but found [Orange]
at AxisBank.testNG.HardAssert.testHardAssert(HardAssert.java:23)
at java.base/java.util.ArrayList.forEach(ArrayList.java:1596)
... Removed 34 stack frames]]>
    </failure>
  </testcase> <!-- testHardAssert -->
  <testcase classname="AxisBank.testNG.Test2" name="testcase2" time="0.0">
    <ignored/>
  </testcase> <!-- testcase2 -->
</testsuite> <!-- Test1 -->
