<?xml version="1.0" encoding="UTF-8"?>
<testsuite xmlns:xsi="http://www.w3.org/2001/XMLSchema-instance" xsi:noNamespaceSchemaLocation="https://maven.apache.org/surefire/maven-surefire-plugin/xsd/surefire-test-report.xsd" name="TestSuite" time="31.252" tests="6" errors="0" skipped="0" failures="1">
  <properties>
[...]
</properties>
  <testcase name="configLogin" classname="AxisBank.testNG.Test1" time="0.849"/>
  <testcase name="configLogin1" classname="AxisBank.testNG.Test1" time="0.031"/>
  <testcase name="testcase1" classname="AxisBank.testNG.Test2" time="0"/>
  <testcase name="testcaseMain" classname="AxisBank.testNG.Test2" time="2.57"/>
  <testcase name="testassert" classname="AxisBank.testNG.softassert_eg" time="10.839"/>
  <testcase name="testHardAssert" classname="AxisBank.testNG.HardAssert" time="14.48">
    <failure message="Title mismatch! expected [OrangeHRM] but found [Orange]" type="java.lang.AssertionError">java.lang.AssertionError: Title mismatch! expected [OrangeHRM] but found [Orange]
	at AxisBank.testNG.HardAssert.testHardAssert(HardAssert.java:23)
</failure>
    <system-err><![CDATA[Feb 28, 2024 2:30:07 PM org.openqa.selenium.devtools.CdpVersionFinder findNearestMatch
WARNING: Unable to find an exact match for CDP version 122, returning the closest version; found: 119; Please update to a Selenium version that supports CDP version 122
]]></system-err>
  </testcase>
</testsuite>